Command line invocation:
    /Applications/Xcode.app/Contents/Developer/usr/bin/xcodebuild -scheme Station -destination platform=macOS,arch=arm64 build

2026-01-21 16:05:06.806 xcodebuild[16726:7315586] [MT] IDERunDestination: Supported platforms for the buildables in the current scheme is empty.
ComputePackagePrebuildTargetDependencyGraph

Prepare packages

CreateBuildRequest

SendProjectDescription

CreateBuildOperation

ComputeTargetDependencyGraph
note: Building targets in dependency order
note: Target dependency graph (1 target)
    Target 'Station' in project 'Station' (no dependencies)

GatherProvisioningInputs

CreateBuildDescription

ExecuteExternalTool /Applications/Xcode.app/Contents/Developer/Toolchains/XcodeDefault.xctoolchain/usr/bin/clang -v -E -dM -isysroot /Applications/Xcode.app/Contents/Developer/Platforms/MacOSX.platform/Developer/SDKs/MacOSX26.0.sdk -x c -c /dev/null

ExecuteExternalTool /Applications/Xcode.app/Contents/Developer/usr/bin/actool --version --output-format xml1

ExecuteExternalTool /Applications/Xcode.app/Contents/Developer/Toolchains/XcodeDefault.xctoolchain/usr/bin/swiftc --version

ExecuteExternalTool /Applications/Xcode.app/Contents/Developer/Toolchains/XcodeDefault.xctoolchain/usr/bin/ld -version_details

Build description signature: c4181f2f0f00a839ef4dfc322cb70ed0
Build description path: /Users/anishagarwal/Library/Developer/Xcode/DerivedData/Station-fxyignkklvzpurdkeniaexvscmak/Build/Intermediates.noindex/XCBuildData/c4181f2f0f00a839ef4dfc322cb70ed0.xcbuilddata
ClangStatCache /Applications/Xcode.app/Contents/Developer/Toolchains/XcodeDefault.xctoolchain/usr/bin/clang-stat-cache /Applications/Xcode.app/Contents/Developer/Platforms/MacOSX.platform/Developer/SDKs/MacOSX26.0.sdk /Users/anishagarwal/Library/Developer/Xcode/DerivedData/SDKStatCaches.noindex/macosx26.0-25A352-28806144b0707e398aac92880fa50324.sdkstatcache
    cd /Users/anishagarwal/Developer/Station/Station.xcodeproj
    /Applications/Xcode.app/Contents/Developer/Toolchains/XcodeDefault.xctoolchain/usr/bin/clang-stat-cache /Applications/Xcode.app/Contents/Developer/Platforms/MacOSX.platform/Developer/SDKs/MacOSX26.0.sdk -o /Users/anishagarwal/Library/Developer/Xcode/DerivedData/SDKStatCaches.noindex/macosx26.0-25A352-28806144b0707e398aac92880fa50324.sdkstatcache

/Users/anishagarwal/Developer/Station/Station.xcodeproj: warning: The Copy Bundle Resources build phase contains this target's Info.plist file '/Users/anishagarwal/Developer/Station/Station/Info.plist'. (in target 'Station' from project 'Station')
SwiftDriver Station normal arm64 com.apple.xcode.tools.swift.compiler (in target 'Station' from project 'Station')
    cd /Users/anishagarwal/Developer/Station
    builtin-SwiftDriver -- /Applications/Xcode.app/Contents/Developer/Toolchains/XcodeDefault.xctoolchain/usr/bin/swiftc -module-name Station -Onone -enforce-exclusivity\=checked @/Users/anishagarwal/Library/Developer/Xcode/DerivedData/Station-fxyignkklvzpurdkeniaexvscmak/Build/Intermediates.noindex/Station.build/Debug/Station.build/Objects-normal/arm64/Station.SwiftFileList -DDEBUG -default-isolation\=MainActor -enable-bare-slash-regex -enable-upcoming-feature DisableOutwardActorInference -enable-upcoming-feature InferSendableFromCaptures -enable-upcoming-feature GlobalActorIsolatedTypesUsability -enable-upcoming-feature MemberImportVisibility -enable-upcoming-feature InferIsolatedConformances -enable-upcoming-feature NonisolatedNonsendingByDefault -enable-experimental-feature DebugDescriptionMacro -sdk /Applications/Xcode.app/Contents/Developer/Platforms/MacOSX.platform/Developer/SDKs/MacOSX26.0.sdk -target arm64-apple-macos26.0 -g -module-cache-path /Users/anishagarwal/Library/Developer/Xcode/DerivedData/ModuleCache.noindex -Xfrontend -serialize-debugging-options -enable-testing -index-store-path /Users/anishagarwal/Library/Developer/Xcode/DerivedData/Station-fxyignkklvzpurdkeniaexvscmak/Index.noindex/DataStore -Xcc -D_LIBCPP_HARDENING_MODE\=_LIBCPP_HARDENING_MODE_DEBUG -swift-version 5 -I /Users/anishagarwal/Library/Developer/Xcode/DerivedData/Station-fxyignkklvzpurdkeniaexvscmak/Build/Products/Debug -F /Users/anishagarwal/Library/Developer/Xcode/DerivedData/Station-fxyignkklvzpurdkeniaexvscmak/Build/Products/Debug -emit-localized-strings -emit-localized-strings-path /Users/anishagarwal/Library/Developer/Xcode/DerivedData/Station-fxyignkklvzpurdkeniaexvscmak/Build/Intermediates.noindex/Station.build/Debug/Station.build/Objects-normal/arm64 -c -j8 -enable-batch-mode -incremental -Xcc -ivfsstatcache -Xcc /Users/anishagarwal/Library/Developer/Xcode/DerivedData/SDKStatCaches.noindex/macosx26.0-25A352-28806144b0707e398aac92880fa50324.sdkstatcache -output-file-map /Users/anishagarwal/Library/Developer/Xcode/DerivedData/Station-fxyignkklvzpurdkeniaexvscmak/Build/Intermediates.noindex/Station.build/Debug/Station.build/Objects-normal/arm64/Station-OutputFileMap.json -use-frontend-parseable-output -save-temps -no-color-diagnostics -explicit-module-build -module-cache-path /Users/anishagarwal/Library/Developer/Xcode/DerivedData/Station-fxyignkklvzpurdkeniaexvscmak/Build/Intermediates.noindex/SwiftExplicitPrecompiledModules -clang-scanner-module-cache-path /Users/anishagarwal/Library/Developer/Xcode/DerivedData/ModuleCache.noindex -sdk-module-cache-path /Users/anishagarwal/Library/Developer/Xcode/DerivedData/ModuleCache.noindex -serialize-diagnostics -emit-dependencies -emit-module -emit-module-path /Users/anishagarwal/Library/Developer/Xcode/DerivedData/Station-fxyignkklvzpurdkeniaexvscmak/Build/Intermediates.noindex/Station.build/Debug/Station.build/Objects-normal/arm64/Station.swiftmodule -validate-clang-modules-once -clang-build-session-file /Users/anishagarwal/Library/Developer/Xcode/DerivedData/ModuleCache.noindex/Session.modulevalidation -Xcc -I/Users/anishagarwal/Library/Developer/Xcode/DerivedData/Station-fxyignkklvzpurdkeniaexvscmak/Build/Intermediates.noindex/Station.build/Debug/Station.build/swift-overrides.hmap -emit-const-values -Xfrontend -const-gather-protocols-file -Xfrontend /Users/anishagarwal/Library/Developer/Xcode/DerivedData/Station-fxyignkklvzpurdkeniaexvscmak/Build/Intermediates.noindex/Station.build/Debug/Station.build/Objects-normal/arm64/Station_const_extract_protocols.json -Xcc -iquote -Xcc /Users/anishagarwal/Library/Developer/Xcode/DerivedData/Station-fxyignkklvzpurdkeniaexvscmak/Build/Intermediates.noindex/Station.build/Debug/Station.build/Station-generated-files.hmap -Xcc -I/Users/anishagarwal/Library/Developer/Xcode/DerivedData/Station-fxyignkklvzpurdkeniaexvscmak/Build/Intermediates.noindex/Station.build/Debug/Station.build/Station-own-target-headers.hmap -Xcc -I/Users/anishagarwal/Library/Developer/Xcode/DerivedData/Station-fxyignkklvzpurdkeniaexvscmak/Build/Intermediates.noindex/Station.build/Debug/Station.build/Station-all-target-headers.hmap -Xcc -iquote -Xcc /Users/anishagarwal/Library/Developer/Xcode/DerivedData/Station-fxyignkklvzpurdkeniaexvscmak/Build/Intermediates.noindex/Station.build/Debug/Station.build/Station-project-headers.hmap -Xcc -I/Users/anishagarwal/Library/Developer/Xcode/DerivedData/Station-fxyignkklvzpurdkeniaexvscmak/Build/Products/Debug/include -Xcc -I/Users/anishagarwal/Library/Developer/Xcode/DerivedData/Station-fxyignkklvzpurdkeniaexvscmak/Build/Intermediates.noindex/Station.build/Debug/Station.build/DerivedSources-normal/arm64 -Xcc -I/Users/anishagarwal/Library/Developer/Xcode/DerivedData/Station-fxyignkklvzpurdkeniaexvscmak/Build/Intermediates.noindex/Station.build/Debug/Station.build/DerivedSources/arm64 -Xcc -I/Users/anishagarwal/Library/Developer/Xcode/DerivedData/Station-fxyignkklvzpurdkeniaexvscmak/Build/Intermediates.noindex/Station.build/Debug/Station.build/DerivedSources -Xcc -DDEBUG\=1 -emit-objc-header -emit-objc-header-path /Users/anishagarwal/Library/Developer/Xcode/DerivedData/Station-fxyignkklvzpurdkeniaexvscmak/Build/Intermediates.noindex/Station.build/Debug/Station.build/Objects-normal/arm64/Station-Swift.h -working-directory /Users/anishagarwal/Developer/Station -experimental-emit-module-separately -disable-cmo

SwiftCompile normal arm64 Compiling\ UpcomingView.swift /Users/anishagarwal/Developer/Station/Station/Views/Upcoming/UpcomingView.swift (in target 'Station' from project 'Station')

SwiftCompile normal arm64 /Users/anishagarwal/Developer/Station/Station/Views/Upcoming/UpcomingView.swift (in target 'Station' from project 'Station')
    cd /Users/anishagarwal/Developer/Station
    
/Users/anishagarwal/Developer/Station/Station/Views/Upcoming/UpcomingView.swift:155:29: error: cannot find 'FilterChip' in scope
                            FilterChip(
                            ^~~~~~~~~~

Failed frontend command:
/Applications/Xcode.app/Contents/Developer/Toolchains/XcodeDefault.xctoolchain/usr/bin/swift-frontend -frontend -c /Users/anishagarwal/Developer/Station/Station/App/StationApp.swift /Users/anishagarwal/Developer/Station/Station/Core/DateManager.swift /Users/anishagarwal/Developer/Station/Station/Core/Theme.swift /Users/anishagarwal/Developer/Station/Station/Managers/CalendarManager.swift /Users/anishagarwal/Developer/Station/Station/Managers/SettingsManager.swift /Users/anishagarwal/Developer/Station/Station/Managers/UpcomingManager.swift /Users/anishagarwal/Developer/Station/Station/Models/UpcomingItem.swift /Users/anishagarwal/Developer/Station/Station/Utils/DateFormatting.swift /Users/anishagarwal/Developer/Station/Station/Utils/Persistence.swift /Users/anishagarwal/Developer/Station/Station/Views/Dashboard/AlertsBlock.swift /Users/anishagarwal/Developer/Station/Station/Views/Dashboard/ClassesBlock.swift /Users/anishagarwal/Developer/Station/Station/Views/Dashboard/DashboardView.swift /Users/anishagarwal/Developer/Station/Station/Views/Dashboard/HeaderView.swift /Users/anishagarwal/Developer/Station/Station/Views/Dashboard/QuickNotesBlock.swift /Users/anishagarwal/Developer/Station/Station/Views/Dashboard/UpcomingBlock.swift /Users/anishagarwal/Developer/Station/Station/Views/Settings/SettingsView.swift /Users/anishagarwal/Developer/Station/Station/Views/Tabs/MainTabView.swift /Users/anishagarwal/Developer/Station/Station/Views/Upcoming/AddUpcomingItemSheet.swift -primary-file /Users/anishagarwal/Developer/Station/Station/Views/Upcoming/UpcomingView.swift /Users/anishagarwal/Library/Developer/Xcode/DerivedData/Station-fxyignkklvzpurdkeniaexvscmak/Build/Intermediates.noindex/Station.build/Debug/Station.build/DerivedSources/GeneratedAssetSymbols.swift -emit-dependencies-path /Users/anishagarwal/Library/Developer/Xcode/DerivedData/Station-fxyignkklvzpurdkeniaexvscmak/Build/Intermediates.noindex/Station.build/Debug/Station.build/Objects-normal/arm64/UpcomingView.d -emit-const-values-path /Users/anishagarwal/Library/Developer/Xcode/DerivedData/Station-fxyignkklvzpurdkeniaexvscmak/Build/Intermediates.noindex/Station.build/Debug/Station.build/Objects-normal/arm64/UpcomingView.swiftconstvalues -emit-reference-dependencies-path /Users/anishagarwal/Library/Developer/Xcode/DerivedData/Station-fxyignkklvzpurdkeniaexvscmak/Build/Intermediates.noindex/Station.build/Debug/Station.build/Objects-normal/arm64/UpcomingView.swiftdeps -serialize-diagnostics-path /Users/anishagarwal/Library/Developer/Xcode/DerivedData/Station-fxyignkklvzpurdkeniaexvscmak/Build/Intermediates.noindex/Station.build/Debug/Station.build/Objects-normal/arm64/UpcomingView.dia -emit-localized-strings -emit-localized-strings-path /Users/anishagarwal/Library/Developer/Xcode/DerivedData/Station-fxyignkklvzpurdkeniaexvscmak/Build/Intermediates.noindex/Station.build/Debug/Station.build/Objects-normal/arm64 -target arm64-apple-macos26.0 -module-can-import-version AppKit 2685.10.108 2685.10.108 -module-can-import-version DeveloperToolsSupport 23.0.4 23.0.4 -module-can-import-version SwiftUI 7.0.84.1 7.0.84 -load-resolved-plugin /Applications/Xcode.app/Contents/Developer/Platforms/MacOSX.platform/Developer/usr/lib/swift/host/plugins/libFoundationMacros.dylib\#/Applications/Xcode.app/Contents/Developer/Platforms/MacOSX.platform/Developer/usr/bin/swift-plugin-server\#FoundationMacros -load-resolved-plugin /Applications/Xcode.app/Contents/Developer/Platforms/MacOSX.platform/Developer/usr/lib/swift/host/plugins/libObservationMacros.dylib\#/Applications/Xcode.app/Contents/Developer/Platforms/MacOSX.platform/Developer/usr/bin/swift-plugin-server\#ObservationMacros -load-resolved-plugin /Applications/Xcode.app/Contents/Developer/Platforms/MacOSX.platform/Developer/usr/lib/swift/host/plugins/libPreviewsMacros.dylib\#/Applications/Xcode.app/Contents/Developer/Platforms/MacOSX.platform/Developer/usr/bin/swift-plugin-server\#PreviewsMacros -load-resolved-plugin /Applications/Xcode.app/Contents/Developer/Platforms/MacOSX.platform/Developer/usr/lib/swift/host/plugins/libSwiftMacros.dylib\#/Applications/Xcode.app/Contents/Developer/Platforms/MacOSX.platform/Developer/usr/bin/swift-plugin-server\#SwiftMacros -load-resolved-plugin /Applications/Xcode.app/Contents/Developer/Platforms/MacOSX.platform/Developer/usr/lib/swift/host/plugins/libSwiftUIMacros.dylib\#/Applications/Xcode.app/Contents/Developer/Platforms/MacOSX.platform/Developer/usr/bin/swift-plugin-server\#SwiftUIMacros -disable-implicit-swift-modules -Xcc -fno-implicit-modules -Xcc -fno-implicit-module-maps -explicit-swift-module-map-file /Users/anishagarwal/Library/Developer/Xcode/DerivedData/Station-fxyignkklvzpurdkeniaexvscmak/Build/Intermediates.noindex/Station.build/Debug/Station.build/Objects-normal/arm64/Station-dependencies-1.json -Xllvm -aarch64-use-tbi -enable-objc-interop -stack-check -sdk /Applications/Xcode.app/Contents/Developer/Platforms/MacOSX.platform/Developer/SDKs/MacOSX26.0.sdk -I /Users/anishagarwal/Library/Developer/Xcode/DerivedData/Station-fxyignkklvzpurdkeniaexvscmak/Build/Products/Debug -F /Users/anishagarwal/Library/Developer/Xcode/DerivedData/Station-fxyignkklvzpurdkeniaexvscmak/Build/Products/Debug -no-color-diagnostics -Xcc -fno-color-diagnostics -enable-testing -g -debug-info-format\=dwarf -dwarf-version\=5 -module-cache-path /Users/anishagarwal/Library/Developer/Xcode/DerivedData/Station-fxyignkklvzpurdkeniaexvscmak/Build/Intermediates.noindex/SwiftExplicitPrecompiledModules -swift-version 5 -enforce-exclusivity\=checked -Onone -D DEBUG -serialize-debugging-options -const-gather-protocols-file /Users/anishagarwal/Library/Developer/Xcode/DerivedData/Station-fxyignkklvzpurdkeniaexvscmak/Build/Intermediates.noindex/Station.build/Debug/Station.build/Objects-normal/arm64/Station_const_extract_protocols.json -enable-upcoming-feature DisableOutwardActorInference -enable-upcoming-feature InferSendableFromCaptures -enable-upcoming-feature GlobalActorIsolatedTypesUsability -enable-upcoming-feature MemberImportVisibility -enable-upcoming-feature InferIsolatedConformances -enable-upcoming-feature NonisolatedNonsendingByDefault -enable-experimental-feature DebugDescriptionMacro -enable-bare-slash-regex -default-isolation\=MainActor -empty-abi-descriptor -validate-clang-modules-once -clang-build-session-file /Users/anishagarwal/Library/Developer/Xcode/DerivedData/ModuleCache.noindex/Session.modulevalidation -Xcc -working-directory -Xcc /Users/anishagarwal/Developer/Station -enable-anonymous-context-mangled-names -file-compilation-dir /Users/anishagarwal/Developer/Station -Xcc -D_LIBCPP_HARDENING_MODE\=_LIBCPP_HARDENING_MODE_DEBUG -Xcc -ivfsstatcache -Xcc /Users/anishagarwal/Library/Developer/Xcode/DerivedData/SDKStatCaches.noindex/macosx26.0-25A352-28806144b0707e398aac92880fa50324.sdkstatcache -Xcc -I/Users/anishagarwal/Library/Developer/Xcode/DerivedData/Station-fxyignkklvzpurdkeniaexvscmak/Build/Intermediates.noindex/Station.build/Debug/Station.build/swift-overrides.hmap -Xcc -iquote -Xcc /Users/anishagarwal/Library/Developer/Xcode/DerivedData/Station-fxyignkklvzpurdkeniaexvscmak/Build/Intermediates.noindex/Station.build/Debug/Station.build/Station-generated-files.hmap -Xcc -I/Users/anishagarwal/Library/Developer/Xcode/DerivedData/Station-fxyignkklvzpurdkeniaexvscmak/Build/Intermediates.noindex/Station.build/Debug/Station.build/Station-own-target-headers.hmap -Xcc -I/Users/anishagarwal/Library/Developer/Xcode/DerivedData/Station-fxyignkklvzpurdkeniaexvscmak/Build/Intermediates.noindex/Station.build/Debug/Station.build/Station-all-target-headers.hmap -Xcc -iquote -Xcc /Users/anishagarwal/Library/Developer/Xcode/DerivedData/Station-fxyignkklvzpurdkeniaexvscmak/Build/Intermediates.noindex/Station.build/Debug/Station.build/Station-project-headers.hmap -Xcc -I/Users/anishagarwal/Library/Developer/Xcode/DerivedData/Station-fxyignkklvzpurdkeniaexvscmak/Build/Products/Debug/include -Xcc -I/Users/anishagarwal/Library/Developer/Xcode/DerivedData/Station-fxyignkklvzpurdkeniaexvscmak/Build/Intermediates.noindex/Station.build/Debug/Station.build/DerivedSources-normal/arm64 -Xcc -I/Users/anishagarwal/Library/Developer/Xcode/DerivedData/Station-fxyignkklvzpurdkeniaexvscmak/Build/Intermediates.noindex/Station.build/Debug/Station.build/DerivedSources/arm64 -Xcc -I/Users/anishagarwal/Library/Developer/Xcode/DerivedData/Station-fxyignkklvzpurdkeniaexvscmak/Build/Intermediates.noindex/Station.build/Debug/Station.build/DerivedSources -Xcc -DDEBUG\=1 -no-auto-bridging-header-chaining -module-name Station -frontend-parseable-output -disable-clang-spi -target-sdk-version 26.0 -target-sdk-name macosx26.0 -clang-target arm64-apple-macos26.0 -in-process-plugin-server-path /Applications/Xcode.app/Contents/Developer/Toolchains/XcodeDefault.xctoolchain/usr/lib/swift/host/libSwiftInProcPluginServer.dylib -o /Users/anishagarwal/Library/Developer/Xcode/DerivedData/Station-fxyignkklvzpurdkeniaexvscmak/Build/Intermediates.noindex/Station.build/Debug/Station.build/Objects-normal/arm64/UpcomingView.o -index-unit-output-path /Station.build/Debug/Station.build/Objects-normal/arm64/UpcomingView.o -index-store-path /Users/anishagarwal/Library/Developer/Xcode/DerivedData/Station-fxyignkklvzpurdkeniaexvscmak/Index.noindex/DataStore -index-system-modules
SwiftEmitModule normal arm64 Emitting\ module\ for\ Station (in target 'Station' from project 'Station')

EmitSwiftModule normal arm64 (in target 'Station' from project 'Station')
    cd /Users/anishagarwal/Developer/Station
    

SwiftDriverJobDiscovery normal arm64 Emitting module for Station (in target 'Station' from project 'Station')

SwiftDriver\ Compilation\ Requirements Station normal arm64 com.apple.xcode.tools.swift.compiler (in target 'Station' from project 'Station')
    cd /Users/anishagarwal/Developer/Station
    builtin-Swift-Compilation-Requirements -- /Applications/Xcode.app/Contents/Developer/Toolchains/XcodeDefault.xctoolchain/usr/bin/swiftc -module-name Station -Onone -enforce-exclusivity\=checked @/Users/anishagarwal/Library/Developer/Xcode/DerivedData/Station-fxyignkklvzpurdkeniaexvscmak/Build/Intermediates.noindex/Station.build/Debug/Station.build/Objects-normal/arm64/Station.SwiftFileList -DDEBUG -default-isolation\=MainActor -enable-bare-slash-regex -enable-upcoming-feature DisableOutwardActorInference -enable-upcoming-feature InferSendableFromCaptures -enable-upcoming-feature GlobalActorIsolatedTypesUsability -enable-upcoming-feature MemberImportVisibility -enable-upcoming-feature InferIsolatedConformances -enable-upcoming-feature NonisolatedNonsendingByDefault -enable-experimental-feature DebugDescriptionMacro -sdk /Applications/Xcode.app/Contents/Developer/Platforms/MacOSX.platform/Developer/SDKs/MacOSX26.0.sdk -target arm64-apple-macos26.0 -g -module-cache-path /Users/anishagarwal/Library/Developer/Xcode/DerivedData/ModuleCache.noindex -Xfrontend -serialize-debugging-options -enable-testing -index-store-path /Users/anishagarwal/Library/Developer/Xcode/DerivedData/Station-fxyignkklvzpurdkeniaexvscmak/Index.noindex/DataStore -Xcc -D_LIBCPP_HARDENING_MODE\=_LIBCPP_HARDENING_MODE_DEBUG -swift-version 5 -I /Users/anishagarwal/Library/Developer/Xcode/DerivedData/Station-fxyignkklvzpurdkeniaexvscmak/Build/Products/Debug -F /Users/anishagarwal/Library/Developer/Xcode/DerivedData/Station-fxyignkklvzpurdkeniaexvscmak/Build/Products/Debug -emit-localized-strings -emit-localized-strings-path /Users/anishagarwal/Library/Developer/Xcode/DerivedData/Station-fxyignkklvzpurdkeniaexvscmak/Build/Intermediates.noindex/Station.build/Debug/Station.build/Objects-normal/arm64 -c -j8 -enable-batch-mode -incremental -Xcc -ivfsstatcache -Xcc /Users/anishagarwal/Library/Developer/Xcode/DerivedData/SDKStatCaches.noindex/macosx26.0-25A352-28806144b0707e398aac92880fa50324.sdkstatcache -output-file-map /Users/anishagarwal/Library/Developer/Xcode/DerivedData/Station-fxyignkklvzpurdkeniaexvscmak/Build/Intermediates.noindex/Station.build/Debug/Station.build/Objects-normal/arm64/Station-OutputFileMap.json -use-frontend-parseable-output -save-temps -no-color-diagnostics -explicit-module-build -module-cache-path /Users/anishagarwal/Library/Developer/Xcode/DerivedData/Station-fxyignkklvzpurdkeniaexvscmak/Build/Intermediates.noindex/SwiftExplicitPrecompiledModules -clang-scanner-module-cache-path /Users/anishagarwal/Library/Developer/Xcode/DerivedData/ModuleCache.noindex -sdk-module-cache-path /Users/anishagarwal/Library/Developer/Xcode/DerivedData/ModuleCache.noindex -serialize-diagnostics -emit-dependencies -emit-module -emit-module-path /Users/anishagarwal/Library/Developer/Xcode/DerivedData/Station-fxyignkklvzpurdkeniaexvscmak/Build/Intermediates.noindex/Station.build/Debug/Station.build/Objects-normal/arm64/Station.swiftmodule -validate-clang-modules-once -clang-build-session-file /Users/anishagarwal/Library/Developer/Xcode/DerivedData/ModuleCache.noindex/Session.modulevalidation -Xcc -I/Users/anishagarwal/Library/Developer/Xcode/DerivedData/Station-fxyignkklvzpurdkeniaexvscmak/Build/Intermediates.noindex/Station.build/Debug/Station.build/swift-overrides.hmap -emit-const-values -Xfrontend -const-gather-protocols-file -Xfrontend /Users/anishagarwal/Library/Developer/Xcode/DerivedData/Station-fxyignkklvzpurdkeniaexvscmak/Build/Intermediates.noindex/Station.build/Debug/Station.build/Objects-normal/arm64/Station_const_extract_protocols.json -Xcc -iquote -Xcc /Users/anishagarwal/Library/Developer/Xcode/DerivedData/Station-fxyignkklvzpurdkeniaexvscmak/Build/Intermediates.noindex/Station.build/Debug/Station.build/Station-generated-files.hmap -Xcc -I/Users/anishagarwal/Library/Developer/Xcode/DerivedData/Station-fxyignkklvzpurdkeniaexvscmak/Build/Intermediates.noindex/Station.build/Debug/Station.build/Station-own-target-headers.hmap -Xcc -I/Users/anishagarwal/Library/Developer/Xcode/DerivedData/Station-fxyignkklvzpurdkeniaexvscmak/Build/Intermediates.noindex/Station.build/Debug/Station.build/Station-all-target-headers.hmap -Xcc -iquote -Xcc /Users/anishagarwal/Library/Developer/Xcode/DerivedData/Station-fxyignkklvzpurdkeniaexvscmak/Build/Intermediates.noindex/Station.build/Debug/Station.build/Station-project-headers.hmap -Xcc -I/Users/anishagarwal/Library/Developer/Xcode/DerivedData/Station-fxyignkklvzpurdkeniaexvscmak/Build/Products/Debug/include -Xcc -I/Users/anishagarwal/Library/Developer/Xcode/DerivedData/Station-fxyignkklvzpurdkeniaexvscmak/Build/Intermediates.noindex/Station.build/Debug/Station.build/DerivedSources-normal/arm64 -Xcc -I/Users/anishagarwal/Library/Developer/Xcode/DerivedData/Station-fxyignkklvzpurdkeniaexvscmak/Build/Intermediates.noindex/Station.build/Debug/Station.build/DerivedSources/arm64 -Xcc -I/Users/anishagarwal/Library/Developer/Xcode/DerivedData/Station-fxyignkklvzpurdkeniaexvscmak/Build/Intermediates.noindex/Station.build/Debug/Station.build/DerivedSources -Xcc -DDEBUG\=1 -emit-objc-header -emit-objc-header-path /Users/anishagarwal/Library/Developer/Xcode/DerivedData/Station-fxyignkklvzpurdkeniaexvscmak/Build/Intermediates.noindex/Station.build/Debug/Station.build/Objects-normal/arm64/Station-Swift.h -working-directory /Users/anishagarwal/Developer/Station -experimental-emit-module-separately -disable-cmo

Copy /Users/anishagarwal/Library/Developer/Xcode/DerivedData/Station-fxyignkklvzpurdkeniaexvscmak/Build/Products/Debug/Station.swiftmodule/arm64-apple-macos.abi.json /Users/anishagarwal/Library/Developer/Xcode/DerivedData/Station-fxyignkklvzpurdkeniaexvscmak/Build/Intermediates.noindex/Station.build/Debug/Station.build/Objects-normal/arm64/Station.abi.json (in target 'Station' from project 'Station')
    cd /Users/anishagarwal/Developer/Station
    builtin-copy -exclude .DS_Store -exclude CVS -exclude .svn -exclude .git -exclude .hg -resolve-src-symlinks -rename /Users/anishagarwal/Library/Developer/Xcode/DerivedData/Station-fxyignkklvzpurdkeniaexvscmak/Build/Intermediates.noindex/Station.build/Debug/Station.build/Objects-normal/arm64/Station.abi.json /Users/anishagarwal/Library/Developer/Xcode/DerivedData/Station-fxyignkklvzpurdkeniaexvscmak/Build/Products/Debug/Station.swiftmodule/arm64-apple-macos.abi.json

** BUILD FAILED **


The following build commands failed:
	SwiftCompile normal arm64 /Users/anishagarwal/Developer/Station/Station/Views/Upcoming/UpcomingView.swift (in target 'Station' from project 'Station')
	SwiftCompile normal arm64 Compiling\ UpcomingView.swift /Users/anishagarwal/Developer/Station/Station/Views/Upcoming/UpcomingView.swift (in target 'Station' from project 'Station')
	Building project Station with scheme Station
(3 failures)
